<?xml version="1.0" encoding="UTF-8"?>
<!-- Generated by org.testng.reporters.JUnitReportReporter -->
<testsuite hostname="Mahitha" failures="0" tests="1" name="testngimplementationtestcases.CreateOrganizationTest" time="14.768" errors="0" timestamp="2022-12-05T10:31:25 EST" skipped="0">
  <testcase classname="testngimplementationtestcases.CreateOrganizationTest" name="createOrganization" time="14.768"/>
  <system-out/>
</testsuite> <!-- testngimplementationtestcases.CreateOrganizationTest -->
