<?xml version="1.0" encoding="UTF-8"?>
<!-- Generated by org.testng.reporters.JUnitReportReporter -->
<testsuite hostname="Mahitha" failures="0" tests="1" name="testngimplementationtestcases.CreateNewLeadTest" time="19.474" errors="0" timestamp="2022-11-30T10:54:25 EST" skipped="0">
  <testcase classname="testngimplementationtestcases.CreateNewLeadTest" name="createNewLead" time="19.474"/>
  <system-out/>
</testsuite> <!-- testngimplementationtestcases.CreateNewLeadTest -->
