<?xml version="1.0" encoding="UTF-8"?>
<!-- Generated by org.testng.reporters.JUnitReportReporter -->
<testsuite hostname="Mahitha" failures="0" tests="1" name="testngimplementationtestcases.CreateContactTest" time="16.986" errors="0" timestamp="2022-11-30T10:41:11 EST" skipped="0">
  <testcase classname="testngimplementationtestcases.CreateContactTest" name="createContact" time="16.986"/>
  <system-out/>
</testsuite> <!-- testngimplementationtestcases.CreateContactTest -->
